#-----------------------------------------------------------
# Vivado v2015.3 (64-bit)
# SW Build 1368829 on Mon Sep 28 20:06:39 MDT 2015
# IP Build 1367837 on Mon Sep 28 08:56:14 MDT 2015
# Start of session at: Thu Oct 22 13:45:01 2015
# Process ID: 7837
# Current directory: /home/splebuty/Documents/SmartCam/ov7670
# Command line: vivado
# Log file: /home/splebuty/Documents/SmartCam/ov7670/vivado.log
# Journal file: /home/splebuty/Documents/SmartCam/ov7670/vivado.jou
#-----------------------------------------------------------
start_gui
create_project xc7z020clg484-1 /home/splebuty/Documents/SmartCam/ov7670/xc7z020clg484-1 -part xc7vx485tffg1157-1
INFO: [IP_Flow 19-234] Refreshing IP repositories
INFO: [IP_Flow 19-1704] No user IP repositories specified
INFO: [IP_Flow 19-2313] Loaded Vivado IP repository '/opt/Xilinx/Vivado/2015.3/data/ip'.
add_files -norecurse {/home/splebuty/Documents/SmartCam/ov7670/ov7670_registers.vhd /home/splebuty/Documents/SmartCam/ov7670/ov7670_top.vhd /home/splebuty/Documents/SmartCam/ov7670/debounce.vhd /home/splebuty/Documents/SmartCam/ov7670/tb_i2c_sender.vhd /home/splebuty/Documents/SmartCam/ov7670/vga.vhd /home/splebuty/Documents/SmartCam/ov7670/framebuffer.vhd /home/splebuty/Documents/SmartCam/ov7670/tb_ov7670_top.vhd /home/splebuty/Documents/SmartCam/ov7670/i2c_sender.vhd /home/splebuty/Documents/SmartCam/ov7670/ov7670_controller.vhd /home/splebuty/Documents/SmartCam/ov7670/clocking.vhd /home/splebuty/Documents/SmartCam/ov7670/ov7670_capture.vhd}
update_compile_order -fileset sources_1
update_compile_order -fileset sources_1
update_compile_order -fileset sim_1
update_compile_order -fileset sources_1
exit
INFO: [Common 17-206] Exiting Vivado at Thu Oct 22 16:30:32 2015...
