Copyright 1986-2015 Xilinx, Inc. All Rights Reserved.
----------------------------------------------------------------------------------------
| Tool Version     : Vivado v.2015.3 (win64) Build 1368829 Mon Sep 28 20:06:43 MDT 2015
| Date             : Sun Nov 15 22:27:54 2015
| Host             : Julian-PC running 64-bit major release  (build 9200)
| Command          : 
| Design           : ov7670_top
| Device           : xc7z020clg484-1
| Design State     : routed
| Grade            : commercial
| Process          : typical
| Characterization : Production
----------------------------------------------------------------------------------------

Power Report

Table of Contents
-----------------
1. Summary
1.1 On-Chip Components
1.2 Power Supply Summary
1.3 Confidence Level
2. Settings
2.1 Environment
2.2 Clock Constraints
3. Detailed Reports
3.1 By Hierarchy

1. Summary
----------

+--------------------------+-------+
| Total On-Chip Power (W)  | 0.294 |
| Dynamic (W)              | 0.164 |
| Device Static (W)        | 0.130 |
| Effective TJA (C/W)      | 11.5  |
| Max Ambient (C)          | 81.6  |
| Junction Temperature (C) | 28.4  |
| Confidence Level         | Low   |
| Setting File             | ---   |
| Simulation Activity File | ---   |
| Design Nets Matched      | NA    |
+--------------------------+-------+


1.1 On-Chip Components
----------------------

+----------------+-----------+----------+-----------+-----------------+
| On-Chip        | Power (W) | Used     | Available | Utilization (%) |
+----------------+-----------+----------+-----------+-----------------+
| Clocks         |     0.004 |        6 |       --- |             --- |
| Slice Logic    |     0.002 |     1429 |       --- |             --- |
|   LUT as Logic |     0.001 |      506 |     53200 |            0.95 |
|   Register     |    <0.001 |      692 |    106400 |            0.65 |
|   CARRY4       |    <0.001 |       86 |     13300 |            0.65 |
|   BUFG         |    <0.001 |        2 |        32 |            6.25 |
|   Others       |     0.000 |       67 |       --- |             --- |
| Signals        |     0.009 |     1322 |       --- |             --- |
| Block RAM      |     0.041 |    121.5 |       140 |           86.79 |
| MMCM           |     0.106 |        1 |         4 |           25.00 |
| I/O            |     0.003 |       40 |       200 |           20.00 |
| Static Power   |     0.130 |          |           |                 |
| Total          |     0.294 |          |           |                 |
+----------------+-----------+----------+-----------+-----------------+


1.2 Power Supply Summary
------------------------

+-----------+-------------+-----------+-------------+------------+
| Source    | Voltage (V) | Total (A) | Dynamic (A) | Static (A) |
+-----------+-------------+-----------+-------------+------------+
| Vccint    |       1.000 |     0.063 |       0.052 |      0.010 |
| Vccaux    |       1.800 |     0.078 |       0.059 |      0.019 |
| Vcco33    |       3.300 |     0.002 |       0.001 |      0.001 |
| Vcco25    |       2.500 |     0.000 |       0.000 |      0.000 |
| Vcco18    |       1.800 |     0.000 |       0.000 |      0.000 |
| Vcco15    |       1.500 |     0.000 |       0.000 |      0.000 |
| Vcco135   |       1.350 |     0.000 |       0.000 |      0.000 |
| Vcco12    |       1.200 |     0.000 |       0.000 |      0.000 |
| Vccaux_io |       1.800 |     0.000 |       0.000 |      0.000 |
| Vccbram   |       1.000 |     0.009 |       0.004 |      0.005 |
| MGTAVcc   |       1.000 |     0.000 |       0.000 |      0.000 |
| MGTAVtt   |       1.200 |     0.000 |       0.000 |      0.000 |
| MGTVccaux |       1.800 |     0.000 |       0.000 |      0.000 |
| Vccpint   |       1.000 |     0.017 |       0.000 |      0.017 |
| Vccpaux   |       1.800 |     0.010 |       0.000 |      0.010 |
| Vccpll    |       1.800 |     0.003 |       0.000 |      0.003 |
| Vcco_ddr  |       1.500 |     0.000 |       0.000 |      0.000 |
| Vcco_mio0 |       1.800 |     0.000 |       0.000 |      0.000 |
| Vcco_mio1 |       1.800 |     0.000 |       0.000 |      0.000 |
| Vccadc    |       1.800 |     0.020 |       0.000 |      0.020 |
+-----------+-------------+-----------+-------------+------------+


1.3 Confidence Level
--------------------

+-----------------------------+------------+--------------------------------------------------------+--------------------------------------------------------------------------------------------------------------------+
| User Input Data             | Confidence | Details                                                | Action                                                                                                             |
+-----------------------------+------------+--------------------------------------------------------+--------------------------------------------------------------------------------------------------------------------+
| Design implementation state | High       | Design is routed                                       |                                                                                                                    |
| Clock nodes activity        | Low        | User specified less than 75% of clocks                 | Provide missing clock activity with a constraint file, simulation results or by editing the "By Clock Domain" view |
| I/O nodes activity          | Low        | More than 75% of inputs are missing user specification | Provide missing input activity with simulation results or by editing the "By Resource Type -> I/Os" view           |
| Internal nodes activity     | Medium     | User specified less than 25% of internal nodes         | Provide missing internal nodes activity with simulation results or by editing the "By Resource Type" views         |
| Device models               | High       | Device models are Production                           |                                                                                                                    |
|                             |            |                                                        |                                                                                                                    |
| Overall confidence level    | Low        |                                                        |                                                                                                                    |
+-----------------------------+------------+--------------------------------------------------------+--------------------------------------------------------------------------------------------------------------------+


2. Settings
-----------

2.1 Environment
---------------

+-----------------------+------------------------+
| Ambient Temp (C)      | 25.0                   |
| ThetaJA (C/W)         | 11.5                   |
| Airflow (LFM)         | 250                    |
| Heat Sink             | none                   |
| ThetaSA (C/W)         | 0.0                    |
| Board Selection       | medium (10"x10")       |
| # of Board Layers     | 8to11 (8 to 11 Layers) |
| Board Temperature (C) | 25.0                   |
+-----------------------+------------------------+


2.2 Clock Constraints
---------------------

+----------+-----------------------------+-----------------+
| Clock    | Domain                      | Constraint (ns) |
+----------+-----------------------------+-----------------+
| clk100   | clk100                      |            10.0 |
| clkfbout | your_instance_name/clkfbout |            10.0 |
| clkout0  | your_instance_name/clkout0  |            20.0 |
| clkout1  | your_instance_name/clkout1  |            40.0 |
+----------+-----------------------------+-----------------+


3. Detailed Reports
-------------------

3.1 By Hierarchy
----------------

+------------------------------+-----------+
| Name                         | Power (W) |
+------------------------------+-----------+
| ov7670_top                   |     0.164 |
|   Inst_vga                   |    <0.001 |
|   btn_debounce               |    <0.001 |
|   capture                    |     0.006 |
|   controller                 |    <0.001 |
|     Inst_i2c_sender          |    <0.001 |
|     Inst_ov7670_registers    |    <0.001 |
|   fl_buffer                  |     0.005 |
|     line_buff[0].lbx         |    <0.001 |
|       fb                     |    <0.001 |
|     line_buff[1].lbx         |    <0.001 |
|       fb                     |    <0.001 |
|     shift_reg[0].first.sreg0 |    <0.001 |
|       gen_reg[0].first.reg0  |    <0.001 |
|       gen_reg[1].other.regx  |    <0.001 |
|       gen_reg[2].other.regx  |    <0.001 |
|     shift_reg[1].other.sregx |    <0.001 |
|       gen_reg[1].other.regx  |    <0.001 |
|       gen_reg[2].other.regx  |    <0.001 |
|     shift_reg[2].other.sregx |    <0.001 |
|       gen_reg[1].other.regx  |    <0.001 |
|       gen_reg[2].other.regx  |    <0.001 |
|     sobelx                   |     0.003 |
|       add01                  |    <0.001 |
|       add02                  |    <0.001 |
|       add03                  |    <0.001 |
|       add04                  |     0.001 |
|     sobely                   |     0.001 |
|       add01                  |    <0.001 |
|       add02                  |    <0.001 |
|       add03                  |    <0.001 |
|       add04                  |    <0.001 |
|   framebuffer                |     0.043 |
|     fb0                      |     0.023 |
|     fb1                      |     0.020 |
|   synchronize                |    <0.001 |
|   your_instance_name         |     0.106 |
+------------------------------+-----------+


